<?xml version="1.0" encoding="UTF-8"?>
<testng-results ignored="0" total="2" passed="2" failed="0" skipped="0">
  <reporter-output>
  </reporter-output>
  <suite started-at="2024-01-08T16:12:31 NZDT" name="Default suite" finished-at="2024-01-08T16:12:35 NZDT" duration-ms="3471">
    <groups>
    </groups>
    <test started-at="2024-01-08T16:12:31 NZDT" name="Default test" finished-at="2024-01-08T16:12:35 NZDT" duration-ms="3471">
      <class name="UserAPITests">
        <test-method signature="testGetUsersEndpoint()[pri:0, instance:UserAPITests@32eff876]" started-at="2024-01-08T16:12:31 NZDT" name="testGetUsersEndpoint" finished-at="2024-01-08T16:12:34 NZDT" duration-ms="2606" status="PASS">
          <reporter-output>
          </reporter-output>
        </test-method> <!-- testGetUsersEndpoint -->
        <test-method signature="testPostUserEndpoint()[pri:0, instance:UserAPITests@32eff876]" started-at="2024-01-08T16:12:34 NZDT" name="testPostUserEndpoint" finished-at="2024-01-08T16:12:35 NZDT" duration-ms="816" status="PASS">
          <reporter-output>
          </reporter-output>
        </test-method> <!-- testPostUserEndpoint -->
      </class> <!-- UserAPITests -->
    </test> <!-- Default test -->
  </suite> <!-- Default suite -->
</testng-results>
